Scanning dependencies of target StreamTests
[ 50%] Building CXX object CMakeFiles/StreamTests.dir/test/tests_main.cpp.o
In file included from /home/nils/Documents/Uni/WS18_19/SPP/test2/mnistcalculator/target/tmp/cpp/TestA.Add/test/TestA_add_test.hpp:5:0,
                 from /home/nils/Documents/Uni/WS18_19/SPP/test2/mnistcalculator/target/tmp/cpp/TestA.Add/test/tests_main.cpp:18:
/home/nils/Documents/Uni/WS18_19/SPP/test2/mnistcalculator/target/tmp/cpp/TestA.Add/test/../TestA_add.h:6:23: fatal error: /usr/local/include/armadillo.h: Too many levels of symbolic links
compilation terminated.
CMakeFiles/StreamTests.dir/build.make:62: recipe for target 'CMakeFiles/StreamTests.dir/test/tests_main.cpp.o' failed
make[3]: *** [CMakeFiles/StreamTests.dir/test/tests_main.cpp.o] Error 1
CMakeFiles/Makefile2:67: recipe for target 'CMakeFiles/StreamTests.dir/all' failed
make[2]: *** [CMakeFiles/StreamTests.dir/all] Error 2
CMakeFiles/Makefile2:79: recipe for target 'CMakeFiles/StreamTests.dir/rule' failed
make[1]: *** [CMakeFiles/StreamTests.dir/rule] Error 2
Makefile:118: recipe for target 'StreamTests' failed
make: *** [StreamTests] Error 2
